{"/usr/src/app/src/math.js": {"path":"/usr/src/app/src/math.js","statementMap":{"0":{"start":{"line":2,"column":1},"end":{"line":2,"column":13}},"1":{"start":{"line":6,"column":1},"end":{"line":6,"column":13}},"2":{"start":{"line":10,"column":1},"end":{"line":10,"column":13}},"3":{"start":{"line":13,"column":0},"end":{"line":13,"column":53}}},"fnMap":{"0":{"name":"Sum","decl":{"start":{"line":1,"column":9},"end":{"line":1,"column":12}},"loc":{"start":{"line":1,"column":19},"end":{"line":3,"column":1}},"line":1},"1":{"name":"Subtraction","decl":{"start":{"line":5,"column":9},"end":{"line":5,"column":20}},"loc":{"start":{"line":5,"column":27},"end":{"line":7,"column":1}},"line":5},"2":{"name":"Multiplication","decl":{"start":{"line":9,"column":9},"end":{"line":9,"column":23}},"loc":{"start":{"line":9,"column":30},"end":{"line":11,"column":1}},"line":9}},"branchMap":{},"s":{"0":1,"1":1,"2":1,"3":1},"f":{"0":1,"1":1,"2":1},"b":{},"_coverageSchema":"1a1c01bbd47fc00a2c39e90264f33305004495a9","hash":"27c0f5993dffb8d761adceec5f512ac332ae865a"}
}
